[Licensing::Module] Trying to connect to existing licensing client channel...
Built from '6000.4/staging' branch; Version is '6000.4.6f1 (0b051c2e5d54) revision 722204'; Using compiler version '194234433'; Build Type 'Release'
[Licensing::IpcConnector] Successfully connected to: "LicenseClient-ASUS" at "2026-07-02T05:34:39.67651Z"
OS: 'Windows 11  (10.0.26200) CoreSingleLanguage' Language: 'en' Physical Memory: 15775 MB
BatchMode: 1, IsHumanControllingUs: 0, StartBugReporterOnCrash: 0, Is64bit: 1
System  architecture: x64
Process architecture: x64
Date: 2026-07-02T05:34:39Z

COMMAND LINE ARGUMENTS:
D:\Unity\6000.4.6f1\Editor\Unity.exe
-adb2
-batchMode
-noUpm
-name
AssetImportWorker2
-projectPath
D:/PRU213/Single Player Combat Arena/D-DongChayAnhHung3D
-logFile
Logs/AssetImportWorker2.log
-srvPort
56223
-licensingIpc
LicenseClient-ASUS
-force-d3d12
-job-worker-count
5
-background-job-worker-count
8
-gc-helper-count
1
-name
AssetImport
Successfully changed project path to: D:/PRU213/Single Player Combat Arena/D-DongChayAnhHung3D
D:/PRU213/Single Player Combat Arena/D-DongChayAnhHung3D
[UnityMemory] Configuration Parameters - Can be set up in boot.config
    "memorysetup-temp-allocator-size-gi-baking-worker=262144"
    "memorysetup-temp-allocator-size-gi-baking-worker=262144"
    "memorysetup-temp-allocator-size-gi-baking-worker=262144"
    "memorysetup-temp-allocator-size-gi-baking-worker=262144"
    "memorysetup-temp-allocator-size-gi-baking-worker=262144"
    "memorysetup-temp-allocator-size-nav-mesh-worker=65536"
    "memorysetup-temp-allocator-size-audio-worker=65536"
    "memorysetup-temp-allocator-size-cloud-worker=32768"
    "memorysetup-temp-allocator-size-gfx=262144"
    "memorysetup-temp-allocator-size-preload-manager=33554432"
    "memorysetup-temp-allocator-size-job-worker=262144"
    "memorysetup-temp-allocator-size-background-worker=32768"
    "memorysetup-allocator-temp-initial-block-size-main=262144"
    "memorysetup-allocator-temp-initial-block-size-worker=262144"
    "memorysetup-bucket-allocator-granularity=16"
    "memorysetup-bucket-allocator-bucket-count=8"
    "memorysetup-bucket-allocator-block-size=33554432"
    "memorysetup-bucket-allocator-block-count=8"
    "memorysetup-main-allocator-block-size=16777216"
    "memorysetup-thread-allocator-block-size=16777216"
    "memorysetup-gfx-main-allocator-block-size=16777216"
    "memorysetup-gfx-thread-allocator-block-size=16777216"
    "memorysetup-cache-allocator-block-size=4194304"
    "memorysetup-typetree-allocator-block-size=2097152"
    "memorysetup-profiler-bucket-allocator-granularity=16"
    "memorysetup-profiler-bucket-allocator-bucket-count=8"
    "memorysetup-profiler-bucket-allocator-block-size=33554432"
    "memorysetup-profiler-bucket-allocator-block-count=8"
    "memorysetup-profiler-allocator-block-size=16777216"
    "memorysetup-profiler-editor-allocator-block-size=1048576"
    "memorysetup-temp-allocator-size-main=16777216"
    "memorysetup-job-temp-allocator-block-size=2097152"
    "memorysetup-job-temp-allocator-block-size-background=1048576"
    "memorysetup-job-temp-allocator-reduction-small-platforms=262144"
Player connection [15800]  Target information:

Player connection [15800]  * "[IP] 10.87.30.207 [Port] 0 [Flags] 2 [Guid] 809386164 [EditorId] 809386164 [Version] 1048832 [Id] WindowsEditor(7,DoVietHoang) [Debug] 1 [PackageName] WindowsEditor [ProjectName] Editor" 

Player connection [15800]  * "[IP] 192.168.137.1 [Port] 0 [Flags] 2 [Guid] 809386164 [EditorId] 809386164 [Version] 1048832 [Id] WindowsEditor(7,DoVietHoang) [Debug] 1 [PackageName] WindowsEditor [ProjectName] Editor" 

Player connection [15800] Host joined multi-casting on [225.0.0.222:54997]...
Player connection [15800] Host joined alternative multi-casting on [225.0.0.222:34997]...
JobSystem: Creating JobQueue using job-worker-count value 5
Input System module state changed to: Initialized.
[Physics::Module] Initialized fallback backend.
[Physics::Module] Id: 0xdecafbad
Library Redirect Path: Library/
[Physics::Module] Selected backend.
[Physics::Module] Name: PhysX
[Physics::Module] Id: 0xf2b8ea05
[Physics::Module] SDK Version: 4.1.2
[Physics::Module] Integration Version: 1.0.0
[Physics::Module] Threading Mode: Multi-Threaded
Refreshing native plugins compatible for Editor in 9.72 ms, found 5 plugins.
Initialize engine version: 6000.4.6f1 (0b051c2e5d54)
[Subsystems] Discovering subsystems at path D:/Unity/6000.4.6f1/Editor/Data/Resources/UnitySubsystems
[Subsystems] Discovering subsystems at path D:/PRU213/Single Player Combat Arena/D-DongChayAnhHung3D/Assets
Forcing GfxDevice: Direct3D 12
GfxDevice: creating device client; kGfxThreadingModeNonThreaded
d3d12: failed to query info queue interface (0x80004002).
Direct3D:
    Version:         Direct3D 12 [level 12.2]
    Renderer:        NVIDIA GeForce RTX 3050 Laptop GPU (ID=0x25a2)
    Vendor:          NVIDIA
    VRAM:            3964 MB
    App VRAM Budget: 3369 MB
    Driver:          32.0.15.6607
Initialize mono
Mono path[0] = 'D:/Unity/6000.4.6f1/Editor/Data/Managed'
Mono path[1] = 'D:/Unity/6000.4.6f1/Editor/Data/MonoBleedingEdge/lib/mono/unityjit-win32'
Mono config path = 'D:/Unity/6000.4.6f1/Editor/Data/MonoBleedingEdge/etc'
Using monoOptions --debugger-agent=transport=dt_socket,embedding=1,server=y,suspend=n,address=127.0.0.1:56780
CodeReloadManager initialized
Begin MonoManager ReloadAssembly
Registering precompiled unity dll's ...
Register platform support module: D:/Unity/6000.4.6f1/Editor/Data/PlaybackEngines/WindowsStandaloneSupport/UnityEditor.WindowsStandalone.Extensions.dll
Registered in 0.003400 seconds.
Native extension for WindowsStandalone target not found
Package Manager log level set to [2]
[Package Manager] Failed to launch server process. Reason: Unity was launched with the -noUpm command-line argument
[Package Manager] Unable to send message (not connected to server process).
[Package Manager] Cannot connect to Unity Package Manager local server
ScheduleIndexationOnStartup MainProcess:False IndexOnStartup:True
Mono: successfully reloaded assembly
- Finished resetting the current domain, in  1.192 seconds
Domain Reload Profiling: 2669ms
	BeginReloadAssembly (559ms)
	RebuildCommonClasses (118ms)
	RebuildNativeTypeToScriptingClass (37ms)
	initialDomainReloadingComplete (187ms)
	LoadAllAssembliesAndSetupDomain (574ms)
		LoadAssemblies (557ms)
		AnalyzeDomain (551ms)
			TypeCache.Refresh (546ms)
				TypeCache.ScanAssembly (510ms)
	FinalizeReload (1195ms)
		SetupLoadedEditorAssemblies (0ms)
			InitializePlatformSupportModulesInManaged (115ms)
			BeforeProcessingInitializeOnLoad (262ms)
			ProcessInitializeOnLoadAttributes (356ms)
			ProcessInitializeOnLoadMethodAttributes (268ms)
========================================================================
Worker process is ready to serve import requests
Import Worker Mode flag is 0x00
[Licensing::Client] Error: HandshakeResponse reported an error:
	ResponseCode: 505
	ResponseStatus: Unsupported protocol version '1.18.1'.
[Licensing::Module] Error: Failed to handshake to channel: "LicenseClient-ASUS"
[Licensing::IpcConnector] LicenseClient-ASUS channel disconnected successfully.
[Licensing::IpcConnector] Successfully connected to: "LicenseClient-ASUS-6000.4.6" at "2026-07-02T05:34:45.427815Z"
[Licensing::Client] Code 10 while verifying Licensing Client signature (process Id: 20796, path: "D:/Unity/6000.4.6f1/Editor/Data/Resources/Licensing/Client/Unity.Licensing.Client.exe")
[Licensing::Module] LicensingClient has failed validation; ignoring
[Licensing::Client] Handshaking with LicensingClient:
  Version:                 1.18.1+9fbee8e
  Session Id:              15b09546a8a14257b4628e574fa9959a
  Correlation Id:          b823173dae0b465315c29eaa9e931335
  External correlation Id: 2437924294404677327
  Machine Id:              fEDkusz+Kk5uykY1/Vn2jM32XI0=
[Licensing::Module] Successfully connected to LicensingClient on channel: "LicenseClient-ASUS-6000.4.6" (connect: 0.00s, validation: 0.00s, handshake: 0.03s)
[Licensing::IpcConnector] Successfully connected to: "LicenseClient-ASUS-6000.4.6-notifications" at "2026-07-02T05:34:45.4604916Z"
[Licensing::Module] Licensing Background thread has ended after 5.78s
Begin MonoManager ReloadAssembly
[Licensing::Client] Successfully resolved entitlement details
[Licensing::Module] License group:
  Id: 18968431679503-UnityPersXXXX
  Product: Unity Personal
  Type: Assigned
  Expiration: Unlimited
Duplicate assembly 'System.Runtime.CompilerServices.Unsafe.dll' with different versions detected, using 'Packages/com.unity.ai.assistant/Plugins/Shared/System.Runtime.CompilerServices.Unsafe.dll, AssemblyName=System.Runtime.CompilerServices.Unsafe, Version=6.0.3.0, Culture=neutral, PublicKeyToken=b03f5f7f11d50a3a' and ignoring 'Packages/com.unity.collections/Unity.Collections.Tests/System.Runtime.CompilerServices.Unsafe/System.Runtime.CompilerServices.Unsafe.dll, AssemblyName=System.Runtime.CompilerServices.Unsafe, Version=6.0.0.0, Culture=neutral, PublicKeyToken=b03f5f7f11d50a3a'.Assembly Assembly-CSharp-Editor-firstpass.dll at Library/ScriptAssemblies/Assembly-CSharp-Editor-firstpass.dll not valid. Loading of assembly skipped.
Assembly Assembly-CSharp-firstpass.dll at Library/ScriptAssemblies/Assembly-CSharp-firstpass.dll not valid. Loading of assembly skipped.
Assembly DocCodeExamples.dll at Library/ScriptAssemblies/DocCodeExamples.dll not valid. Loading of assembly skipped.
Assembly TestNewCustomAssembly.dll at Library/ScriptAssemblies/TestNewCustomAssembly.dll not valid. Loading of assembly skipped.
Assembly Unity.2D.Sprite.Package.EditorTests.dll at Library/ScriptAssemblies/Unity.2D.Sprite.Package.EditorTests.dll not valid. Loading of assembly skipped.
Assembly Unity.AI.Assistant.Integrations.Sample.Editor.dll at Library/ScriptAssemblies/Unity.AI.Assistant.Integrations.Sample.Editor.dll not valid. Loading of assembly skipped.
Assembly Unity.AppUI.Editor.Tests.dll at Library/ScriptAssemblies/Unity.AppUI.Editor.Tests.dll not valid. Loading of assembly skipped.
Assembly Unity.AppUI.Tests.dll at Library/ScriptAssemblies/Unity.AppUI.Tests.dll not valid. Loading of assembly skipped.
Assembly Unity.Collections.BurstCompatibilityGen.dll at Library/ScriptAssemblies/Unity.Collections.BurstCompatibilityGen.dll not valid. Loading of assembly skipped.
Assembly Unity.Collections.DocCodeSamples.dll at Library/ScriptAssemblies/Unity.Collections.DocCodeSamples.dll not valid. Loading of assembly skipped.
Assembly Unity.Collections.PerformanceTests.dll at Library/ScriptAssemblies/Unity.Collections.PerformanceTests.dll not valid. Loading of assembly skipped.
Assembly Unity.Collections.Tests.dll at Library/ScriptAssemblies/Unity.Collections.Tests.dll not valid. Loading of assembly skipped.
Assembly Unity.Collections.Tests.Playmode.dll at Library/ScriptAssemblies/Unity.Collections.Tests.Playmode.dll not valid. Loading of assembly skipped.
Assembly Unity.InputSystem.IntegrationTests.dll at Library/ScriptAssemblies/Unity.InputSystem.IntegrationTests.dll not valid. Loading of assembly skipped.
Assembly Unity.Mathematics.Tests.dll at Library/ScriptAssemblies/Unity.Mathematics.Tests.dll not valid. Loading of assembly skipped.
Assembly Unity.Multiplayer.Center.Editor.Tests.dll at Library/ScriptAssemblies/Unity.Multiplayer.Center.Editor.Tests.dll not valid. Loading of assembly skipped.
Assembly Unity.Multiplayer.Center.Tests.dll at Library/ScriptAssemblies/Unity.Multiplayer.Center.Tests.dll not valid. Loading of assembly skipped.
Assembly Unity.Nuget.Mono-Cecil.dll at Library/ScriptAssemblies/Unity.Nuget.Mono-Cecil.dll not valid. Loading of assembly skipped.
Assembly Unity.PathTracing.Editor.Tests.dll at Library/ScriptAssemblies/Unity.PathTracing.Editor.Tests.dll not valid. Loading of assembly skipped.
Assembly Unity.PathTracing.Runtime.Tests.dll at Library/ScriptAssemblies/Unity.PathTracing.Runtime.Tests.dll not valid. Loading of assembly skipped.
Assembly Unity.RenderPipelines.Core.Editor.Tests.dll at Library/ScriptAssemblies/Unity.RenderPipelines.Core.Editor.Tests.dll not valid. Loading of assembly skipped.
Assembly Unity.RenderPipelines.Core.Runtime.Tests.dll at Library/ScriptAssemblies/Unity.RenderPipelines.Core.Runtime.Tests.dll not valid. Loading of assembly skipped.
Assembly Unity.RenderPipelines.Universal.Config.Editor.Tests.dll at Library/ScriptAssemblies/Unity.RenderPipelines.Universal.Config.Editor.Tests.dll not valid. Loading of assembly skipped.
Assembly Unity.RenderPipelines.Universal.Editor.Tests.dll at Library/ScriptAssemblies/Unity.RenderPipelines.Universal.Editor.Tests.dll not valid. Loading of assembly skipped.
Assembly Unity.RenderPipelines.Universal.Runtime.Tests.dll at Library/ScriptAssemblies/Unity.RenderPipelines.Universal.Runtime.Tests.dll not valid. Loading of assembly skipped.
Assembly Unity.Searcher.EditorTests.dll at Library/ScriptAssemblies/Unity.Searcher.EditorTests.dll not valid. Loading of assembly skipped.
Assembly Unity.ShaderGraph.Editor.Tests.dll at Library/ScriptAssemblies/Unity.ShaderGraph.Editor.Tests.dll not valid. Loading of assembly skipped.
Assembly Unity.TextMeshPro.Editor.Tests.dll at Library/ScriptAssemblies/Unity.TextMeshPro.Editor.Tests.dll not valid. Loading of assembly skipped.
Assembly Unity.TextMeshPro.Tests.dll at Library/ScriptAssemblies/Unity.TextMeshPro.Tests.dll not valid. Loading of assembly skipped.
Assembly Unity.UnifiedRayTracing.Editor.Tests.dll at Library/ScriptAssemblies/Unity.UnifiedRayTracing.Editor.Tests.dll not valid. Loading of assembly skipped.
Assembly UnityEditor.UI.Common.Tests.dll at Library/ScriptAssemblies/UnityEditor.UI.Common.Tests.dll not valid. Loading of assembly skipped.
Assembly UnityEditor.UI.EditorTests.dll at Library/ScriptAssemblies/UnityEditor.UI.EditorTests.dll not valid. Loading of assembly skipped.
Assembly UnityEngine.UI.Tests.dll at Library/ScriptAssemblies/UnityEngine.UI.Tests.dll not valid. Loading of assembly skipped.
Symbol file LoadedFromMemory is not a mono symbol file
Symbol file LoadedFromMemory is not a mono symbol file
Refreshing native plugins compatible for Editor in 12.08 ms, found 5 plugins.
Native extension for WindowsStandalone target not found
[Package Manager] Failed to launch server process. Reason: Unity was launched with the -noUpm command-line argument
[Package Manager] Unable to send message (not connected to server process).
[Package Manager] Cannot connect to Unity Package Manager local server
CodexLocalBridge active. Inbox: D:\PRU213\Single Player Combat Arena\D-DongChayAnhHung3D\Library\CodexBridge\inbox
UnityEngine.Debug:ExtractStackTraceNoAlloc (byte*,int,string)
UnityEngine.StackTraceUtility:ExtractStackTrace ()
UnityEngine.DebugLogHandler:Internal_Log (UnityEngine.LogType,UnityEngine.LogOption,string,UnityEngine.Object)
UnityEngine.DebugLogHandler:LogFormat (UnityEngine.LogType,UnityEngine.Object,string,object[])
UnityEngine.Logger:Log (UnityEngine.LogType,object)
UnityEngine.Debug:Log (object)
CodexLocalBridge:.cctor () (at Assets/Scripts/Editor/CodexLocalBridge.cs:27)
System.Runtime.CompilerServices.RuntimeHelpers:RunClassConstructor (System.RuntimeTypeHandle)
UnityEditor.EditorAssemblies:ProcessInitializeOnLoadAttributes (System.Type[])

(Filename: Assets/Scripts/Editor/CodexLocalBridge.cs Line: 27)

[Package Manager] Failed to launch server process. Reason: Unity was launched with the -noUpm command-line argument
[Package Manager] Unable to send message (not connected to server process).
[Package Manager] Cannot connect to Unity Package Manager local server
Duplicate assembly 'System.Runtime.CompilerServices.Unsafe.dll' with different versions detected, using 'Packages/com.unity.ai.assistant/Plugins/Shared/System.Runtime.CompilerServices.Unsafe.dll, AssemblyName=System.Runtime.CompilerServices.Unsafe, Version=6.0.3.0, Culture=neutral, PublicKeyToken=b03f5f7f11d50a3a' and ignoring 'Packages/com.unity.collections/Unity.Collections.Tests/System.Runtime.CompilerServices.Unsafe/System.Runtime.CompilerServices.Unsafe.dll, AssemblyName=System.Runtime.CompilerServices.Unsafe, Version=6.0.0.0, Culture=neutral, PublicKeyToken=b03f5f7f11d50a3a'.Refreshing native plugins compatible for Editor in 17.75 ms, found 5 plugins.
[Package Manager] Failed to launch server process. Reason: Unity was launched with the -noUpm command-line argument
[Package Manager] Unable to send message (not connected to server process).
[Package Manager] Cannot connect to Unity Package Manager local server
[Licensing::Client] Error: Code 404 while processing request (status: Found 0 entitlement groups and 0 free entitlements matching requested entitlement ids)
[Licensing::Client] Error: Code 404 while processing request (status: Found 0 entitlement groups and 0 free entitlements matching requested entitlement ids)
[Licensing::Client] Error: Code 404 while processing request (status: Found 0 entitlement groups and 0 free entitlements matching requested entitlement ids)
ScheduleIndexationOnStartup MainProcess:False IndexOnStartup:True
Mono: successfully reloaded assembly
- Finished resetting the current domain, in  4.803 seconds
Domain Reload Profiling: 8263ms
	BeginReloadAssembly (406ms)
		DisableScriptedObjects (10ms)
		CreateAndSetChildDomain (60ms)
	RebuildCommonClasses (84ms)
	RebuildNativeTypeToScriptingClass (19ms)
	initialDomainReloadingComplete (277ms)
	LoadAllAssembliesAndSetupDomain (2674ms)
		LoadAssemblies (1514ms)
		AnalyzeDomain (1397ms)
			TypeCache.Refresh (1026ms)
				TypeCache.ScanAssembly (978ms)
			BuildScriptInfoCaches (286ms)
			ResolveRequiredComponents (71ms)
	FinalizeReload (4804ms)
		SetupLoadedEditorAssemblies (0ms)
			InitializePlatformSupportModulesInManaged (3ms)
			BeforeProcessingInitializeOnLoad (478ms)
			ProcessInitializeOnLoadAttributes (3096ms)
			ProcessInitializeOnLoadMethodAttributes (598ms)
			AfterProcessingInitializeOnLoad (3ms)
		AwakeInstancesAfterBackupRestoration (10ms)
Launched and connected shader compiler UnityShaderCompiler.exe after 0.03 seconds
Refreshing native plugins compatible for Editor in 6.15 ms, found 5 plugins.
Unloading 217 Unused Serialized files (Serialized files now loaded: 0)
Unloading 10618 unused Assets / (38.6 MB). Loaded Objects now: 11171.
Memory consumption went from 243.7 MB to 205.1 MB.
Total: 70.022500 ms (FindLiveObjects: 2.577100 ms CreateObjectMapping: 3.132400 ms MarkObjects: 32.064000 ms  DeleteObjects: 32.245100 ms)

========================================================================
Received Import Request.
  Time since last request: 2591.422964 seconds.
  path: Assets/Models/Player/Van_An/texture_pbr_20250901_roughness.png
  importAddress: Guid(cc07f4c28e6b5014588571637e083b69) Importer(815301076,1909f56bfc062723c751e8b465ee728b)
Start importing Assets/Models/Player/Van_An/texture_pbr_20250901_roughness.png using Guid(cc07f4c28e6b5014588571637e083b69) Importer(815301076,1909f56bfc062723c751e8b465ee728b) (PreviewImporter) -> (Import Result ID: 'f8e66218142cbce0bc8b95874cebc1db') in 0.1336198 seconds [static and dynamic dependencies]. Details - ImportResultOutputID=c248318bede40b08093eacfaeee15bd6 DependenciesID=34434b48f89532661e888ac30e3e3a84 StaticDependenciesID=0984b41c0713cb1cb63c6aae98b07364 
Number of updated asset objects reloaded before import = 0Number of asset objects unloaded after import = 2

========================================================================
Received Import Request.
  Time since last request: 0.000044 seconds.
  path: Assets/Models/Player/texture_pbr_20250901_normal 1.png
  importAddress: Guid(5eebf5aafa268bf4a92cfbee0a049acb) Importer(815301076,1909f56bfc062723c751e8b465ee728b)
Start importing Assets/Models/Player/texture_pbr_20250901_normal 1.png using Guid(5eebf5aafa268bf4a92cfbee0a049acb) Importer(815301076,1909f56bfc062723c751e8b465ee728b) (PreviewImporter) -> (Import Result ID: 'c07c883468b72e9810d02c4a8a22e533') in 0.05299 seconds [static and dynamic dependencies]. Details - ImportResultOutputID=7cb4216eb3c8363e4e8243612fb7d270 DependenciesID=cbb8e4dfe04ecb0ec3908214d32d109c StaticDependenciesID=8bff00ec8f28f2e698a89acfa9851280 
Number of updated asset objects reloaded before import = 0Number of asset objects unloaded after import = 2

========================================================================
Received Import Request.
  Time since last request: 0.000040 seconds.
  path: Assets/Models/Player/texture_pbr_20250901_metallic 1.png
  importAddress: Guid(10494a92aa8ba3c4982ebf24a9c91b81) Importer(815301076,1909f56bfc062723c751e8b465ee728b)
Start importing Assets/Models/Player/texture_pbr_20250901_metallic 1.png using Guid(10494a92aa8ba3c4982ebf24a9c91b81) Importer(815301076,1909f56bfc062723c751e8b465ee728b) (PreviewImporter) -> (Import Result ID: '9245b2e5a884a3f109e7d3b61fe1b6ae') in 0.0411832 seconds [static and dynamic dependencies]. Details - ImportResultOutputID=442e390a4b8aaeef4b191bc382e7c74f DependenciesID=982d042d3d669f5171b59edfac4a67f0 StaticDependenciesID=4d6efc8ad6ee77c7ce9ec31692e80675 
Number of updated asset objects reloaded before import = 0Number of asset objects unloaded after import = 2

========================================================================
Received Import Request.
  Time since last request: 0.000040 seconds.
  path: Assets/Models/Player/texture_pbr_20250901 1.png
  importAddress: Guid(5dbdc484060d12a4db453ccda3e00fd1) Importer(815301076,1909f56bfc062723c751e8b465ee728b)
Start importing Assets/Models/Player/texture_pbr_20250901 1.png using Guid(5dbdc484060d12a4db453ccda3e00fd1) Importer(815301076,1909f56bfc062723c751e8b465ee728b) (PreviewImporter) -> (Import Result ID: '215363309b60c14977e42802e454ed61') in 0.0650032 seconds [static and dynamic dependencies]. Details - ImportResultOutputID=cbd6d82292ead5a4d6e8c63125296c4b DependenciesID=ff1a4be8873f3d6fc13b977962a7faa1 StaticDependenciesID=a7774f896d5be55c74328519b29da116 
Number of updated asset objects reloaded before import = 0Number of asset objects unloaded after import = 2

========================================================================
Received Import Request.
  Time since last request: 0.000030 seconds.
  path: Assets/Models/Weapons/Sword/texture_pbr_20250901_roughness.png
  importAddress: Guid(032899643d399ca4cac6c1bbe21edf5e) Importer(2089858483,b0f066a214c2f5e87bad3c948f4d605d)
Start importing Assets/Models/Weapons/Sword/texture_pbr_20250901_roughness.png using Guid(032899643d399ca4cac6c1bbe21edf5e) Importer(2089858483,b0f066a214c2f5e87bad3c948f4d605d) (ScriptedImporter) -> (Import Result ID: '26782bfd1140af2280df8d380eca22a7') in 0.2441395 seconds [static and dynamic dependencies]. Details - ImportResultOutputID=04933667985eb5c1e631674ee221d519 DependenciesID=ffd6f9c26f76b26b47d1fb2a84ebb013 StaticDependenciesID=5ae51f3185c9c5ea540466da5e3c82d4 
Number of updated asset objects reloaded before import = 0Number of asset objects unloaded after import = 1

========================================================================
Received Import Request.
  Time since last request: 0.000048 seconds.
  path: Assets/Models/Player/Van_An/texture_pbr_20250901_metallic.png
  importAddress: Guid(bcadd857e65090c4dbebdd3dc29b5084) Importer(815301076,1909f56bfc062723c751e8b465ee728b)
Start importing Assets/Models/Player/Van_An/texture_pbr_20250901_metallic.png using Guid(bcadd857e65090c4dbebdd3dc29b5084) Importer(815301076,1909f56bfc062723c751e8b465ee728b) (PreviewImporter) -> (Import Result ID: '9f375da641bca998f1fd7de828a38885') in 0.0345692 seconds [static and dynamic dependencies]. Details - ImportResultOutputID=a7059641c2c6b60efe446e1cdc146536 DependenciesID=178c146ed8d9de44900bf03a3c73c67b StaticDependenciesID=089e4a6d35a57cf8ed3319ccb12065ab 
Number of updated asset objects reloaded before import = 0Number of asset objects unloaded after import = 2

========================================================================
Received Import Request.
  Time since last request: 0.000067 seconds.
  path: Assets/Models/Weapons/Sword/material.mtl
  importAddress: Guid(d437bc29683e9c64189870b277b652cd) Importer(2089858483,b0f066a214c2f5e87bad3c948f4d605d)
Start importing Assets/Models/Weapons/Sword/material.mtl using Guid(d437bc29683e9c64189870b277b652cd) Importer(2089858483,b0f066a214c2f5e87bad3c948f4d605d) (ScriptedImporter) -> (Import Result ID: 'd9906c10fd4c1904d25c81e998cd7352') in 0.0285398 seconds [static and dynamic dependencies]. Details - ImportResultOutputID=746dcf9f946a60c9f9152976e2889f24 DependenciesID=07315da19af250873e39f49bf7f6d4ba StaticDependenciesID=190f97b37cffe9765c36b5f6eed502da 
Number of updated asset objects reloaded before import = 0Number of asset objects unloaded after import = 1

========================================================================
Received Import Request.
  Time since last request: 0.000115 seconds.
  path: Assets/Models/Player/Van_An/Van_An@Falling Back Death.fbx
  importAddress: Guid(b0214c1e9cf3f0942ac7d2e6bd2a7f86) Importer(815301076,1909f56bfc062723c751e8b465ee728b)
Start importing Assets/Models/Player/Van_An/Van_An@Falling Back Death.fbx using Guid(b0214c1e9cf3f0942ac7d2e6bd2a7f86) Importer(815301076,1909f56bfc062723c751e8b465ee728b) (PreviewImporter) -> (Import Result ID: 'f79df9f03ca5c6841bd1af891d613ef1') in 0.0214671 seconds [static and dynamic dependencies]. Details - ImportResultOutputID=f08d4b465ad2852d5d60b6bb9f622813 DependenciesID=188cd194e63d40b9091d357028c57434 StaticDependenciesID=4b075733323311fe6581bb417e349f06 
Number of updated asset objects reloaded before import = 0Number of asset objects unloaded after import = 71

========================================================================
Received Import Request.
  Time since last request: 0.000044 seconds.
  path: Assets/Models/Player/661c57585bf534828bc0d9a4c6f1cb5f (1).fbx
  importAddress: Guid(338befcf253ce2b498d2de27c02196b9) Importer(815301076,1909f56bfc062723c751e8b465ee728b)
Start importing Assets/Models/Player/661c57585bf534828bc0d9a4c6f1cb5f (1).fbx using Guid(338befcf253ce2b498d2de27c02196b9) Importer(815301076,1909f56bfc062723c751e8b465ee728b) (PreviewImporter)d3d12: upload buffer was too small for the requested resource! Size: 16777216. Requested: 40394880.
 -> (Import Result ID: '765901737c7cb4139442a2379731e5f8') in 9.2186005 seconds [static and dynamic dependencies]. Details - ImportResultOutputID=ef776393bf663d6d4b4bb526da551a01 DependenciesID=2b5b67541a7963d94ca183e12f49e461 StaticDependenciesID=4fb6f9e0030cd40fd2a9ae1e965183ef 
Number of updated asset objects reloaded before import = 0Number of asset objects unloaded after import = 13

========================================================================
Received Import Request.
  Time since last request: 0.000110 seconds.
  path: Assets/Models/Player/Van_An/Van_An@Breathing Idle.fbx
  importAddress: Guid(af2e10f5dcf508141bcdd1250bae3320) Importer(815301076,1909f56bfc062723c751e8b465ee728b)
Start importing Assets/Models/Player/Van_An/Van_An@Breathing Idle.fbx using Guid(af2e10f5dcf508141bcdd1250bae3320) Importer(815301076,1909f56bfc062723c751e8b465ee728b) (PreviewImporter) -> (Import Result ID: '6ddadbb6c5599989021c8858de7cc881') in 0.0114258 seconds [static and dynamic dependencies]. Details - ImportResultOutputID=acfb4accb6a28a29eea47003ce510bbf DependenciesID=57ae17adaa378a4dc8fa241c77078ff5 StaticDependenciesID=fb2734ce766f972ea5cf79716853aded 
Number of updated asset objects reloaded before import = 0Number of asset objects unloaded after import = 71

========================================================================
Received Import Request.
  Time since last request: 0.000078 seconds.
  path: Assets/Models/Player/Van_An/Van_An@Push.fbx
  importAddress: Guid(7f67935508edeeb4b901f7509a4cf61a) Importer(815301076,1909f56bfc062723c751e8b465ee728b)
Start importing Assets/Models/Player/Van_An/Van_An@Push.fbx using Guid(7f67935508edeeb4b901f7509a4cf61a) Importer(815301076,1909f56bfc062723c751e8b465ee728b) (PreviewImporter) -> (Import Result ID: '131241bded5d3ef9a45d19bdc1e5a90d') in 0.0132202 seconds [static and dynamic dependencies]. Details - ImportResultOutputID=27c9d3bcce80022d1cd514c88b48daf3 DependenciesID=f0b313d0bc6c41aebca8d687f49cf128 StaticDependenciesID=e8d3430795dddec0cbd20025bb314f37 
Number of updated asset objects reloaded before import = 0Number of asset objects unloaded after import = 71

========================================================================
Received Import Request.
  Time since last request: 0.000115 seconds.
  path: Assets/Models/Weapons/Sword/texture_pbr_20250901_metallic.png
  importAddress: Guid(f2395609e948d77449d41613c2e21926) Importer(2089858483,b0f066a214c2f5e87bad3c948f4d605d)
Start importing Assets/Models/Weapons/Sword/texture_pbr_20250901_metallic.png using Guid(f2395609e948d77449d41613c2e21926) Importer(2089858483,b0f066a214c2f5e87bad3c948f4d605d) (ScriptedImporter) -> (Import Result ID: '4deea4b5abf4a4acd8a2b19765c43999') in 0.0373852 seconds [static and dynamic dependencies]. Details - ImportResultOutputID=30d57bf95a86be1f1b369bbc8399c344 DependenciesID=719cbdf4744364f758090a75ebe23570 StaticDependenciesID=7ef00088df04facc2789367f59a9b630 
Number of updated asset objects reloaded before import = 0Number of asset objects unloaded after import = 1

========================================================================
Received Import Request.
  Time since last request: 0.000038 seconds.
  path: Assets/Models/Weapons/Sword/texture_pbr_20250901_normal.png
  importAddress: Guid(1199f4e89e053794b91d7f2680b0fed9) Importer(2089858483,b0f066a214c2f5e87bad3c948f4d605d)
Start importing Assets/Models/Weapons/Sword/texture_pbr_20250901_normal.png using Guid(1199f4e89e053794b91d7f2680b0fed9) Importer(2089858483,b0f066a214c2f5e87bad3c948f4d605d) (ScriptedImporter) -> (Import Result ID: '80a1efea25fb923cebb017265ee19d62') in 0.0376561 seconds [static and dynamic dependencies]. Details - ImportResultOutputID=ff15672f3973fa0f26590a9a01954a76 DependenciesID=a01d1d6b070e9f5c20c38bcb6d61fb13 StaticDependenciesID=6416350d7af8fe9d7cc2b15ed0a610a1 
Number of updated asset objects reloaded before import = 0Number of asset objects unloaded after import = 1

========================================================================
Received Import Request.
  Time since last request: 0.000100 seconds.
  path: Assets/Models/Weapons/Sword
  importAddress: Guid(9ed9512b642b5e242994d36d5666df7f) Importer(2089858483,b0f066a214c2f5e87bad3c948f4d605d)
Start importing Assets/Models/Weapons/Sword using Guid(9ed9512b642b5e242994d36d5666df7f) Importer(2089858483,b0f066a214c2f5e87bad3c948f4d605d) (ScriptedImporter) -> (Import Result ID: 'b5637ed64f4af800355fc27581e7c7bb') in 0.0245962 seconds [static and dynamic dependencies]. Details - ImportResultOutputID=8b4ec445c7de82570ed4267e5440c25f DependenciesID=4e87d999de1798120bd8e6a210341bf6 StaticDependenciesID=95b2772fae4a25b886386c0b46022fe9 
Number of updated asset objects reloaded before import = 0Number of asset objects unloaded after import = 1

========================================================================
Received Import Request.
  Time since last request: 0.000044 seconds.
  path: Assets/Models/Player/Van_An/Van_An@Hit To Body.fbx
  importAddress: Guid(8add306f74d2cdb4b9b8b703977a8577) Importer(815301076,1909f56bfc062723c751e8b465ee728b)
Start importing Assets/Models/Player/Van_An/Van_An@Hit To Body.fbx using Guid(8add306f74d2cdb4b9b8b703977a8577) Importer(815301076,1909f56bfc062723c751e8b465ee728b) (PreviewImporter) -> (Import Result ID: 'd1cb3a511697ed935ed3ddc56f56e2a9') in 0.0113734 seconds [static and dynamic dependencies]. Details - ImportResultOutputID=a985c4ddb6c1bfd69cd8041547f7c1e1 DependenciesID=81e8c44872a8099b39e556beb2227d03 StaticDependenciesID=89984b174ab355e6a3afb19a2b86916c 
Number of updated asset objects reloaded before import = 0Number of asset objects unloaded after import = 71

========================================================================
Received Import Request.
  Time since last request: 0.000057 seconds.
  path: Assets/Models/Player/Van_An
  importAddress: Guid(b3efd3137d36de840a022296f7f7f757) Importer(815301076,1909f56bfc062723c751e8b465ee728b)
Start importing Assets/Models/Player/Van_An using Guid(b3efd3137d36de840a022296f7f7f757) Importer(815301076,1909f56bfc062723c751e8b465ee728b) (PreviewImporter) -> (Import Result ID: 'a20005760d2711815591b6b8ed40a970') in 0.0009328 seconds [static and dynamic dependencies]. Details - ImportResultOutputID=6c0b3105cf23fa3c7e77f36a9e52bcb2 DependenciesID=fcb9f6b72a7e15fd198493665ff6980e StaticDependenciesID=a65cd8e71ccd6973db8e1b979457a2ff 
Number of updated asset objects reloaded before import = 0Number of asset objects unloaded after import = 0

========================================================================
Received Import Request.
  Time since last request: 0.000091 seconds.
  path: Assets/Models/Weapons/Sword/e121696d973d293d9951a6ff238e1149.obj
  importAddress: Guid(723160aa3dfae8d4f909eb6a2787e278) Importer(2089858483,b0f066a214c2f5e87bad3c948f4d605d)
Start importing Assets/Models/Weapons/Sword/e121696d973d293d9951a6ff238e1149.obj using Guid(723160aa3dfae8d4f909eb6a2787e278) Importer(2089858483,b0f066a214c2f5e87bad3c948f4d605d) (ScriptedImporter) -> (Import Result ID: '2ea630476d63fb25011735ba4cc36bf3') in 0.1080691 seconds [static and dynamic dependencies]. Details - ImportResultOutputID=e3f0a1d6279394ff731e9cb3f92df640 DependenciesID=bad2ec20e06e04ea3602ead48cfb0538 StaticDependenciesID=23f23575efd624626d135d1bd8bbaacf 
Number of updated asset objects reloaded before import = 0Number of asset objects unloaded after import = 11

========================================================================
Received Import Request.
  Time since last request: 0.000057 seconds.
  path: Assets/Models/Player/texture_pbr_20250901.png
  importAddress: Guid(d4c900e01f1dd0f4db042316544a2450) Importer(815301076,1909f56bfc062723c751e8b465ee728b)
Start importing Assets/Models/Player/texture_pbr_20250901.png using Guid(d4c900e01f1dd0f4db042316544a2450) Importer(815301076,1909f56bfc062723c751e8b465ee728b) (PreviewImporter) -> (Import Result ID: '72a18a76f425dbacc71e31400f325e53') in 0.0398719 seconds [static and dynamic dependencies]. Details - ImportResultOutputID=c4ab4fa08ba6a21a0b8576381f77e657 DependenciesID=92f8113b001448c04ce49967bf30ea39 StaticDependenciesID=e6bdaaaa61e76ac5fec879b7bf06a823 
Number of updated asset objects reloaded before import = 0Number of asset objects unloaded after import = 2

========================================================================
Received Import Request.
  Time since last request: 0.000064 seconds.
  path: Assets/Models/Player/texture_pbr_20250901_metallic.png
  importAddress: Guid(eef59e3161fc4ee4fa7ca9e7bf57a93f) Importer(815301076,1909f56bfc062723c751e8b465ee728b)
Start importing Assets/Models/Player/texture_pbr_20250901_metallic.png using Guid(eef59e3161fc4ee4fa7ca9e7bf57a93f) Importer(815301076,1909f56bfc062723c751e8b465ee728b) (PreviewImporter) -> (Import Result ID: 'b37bc5c81c12c3ff78ebe922fd412462') in 0.0528779 seconds [static and dynamic dependencies]. Details - ImportResultOutputID=326ca914588df99c50e907a2012a1a9d DependenciesID=4d5c5deb6d257eee83a003d41bd517c0 StaticDependenciesID=1d222d498d741bbceb0040728f2de3e4 
Number of updated asset objects reloaded before import = 0Number of asset objects unloaded after import = 2

========================================================================
Received Import Request.
  Time since last request: 0.000086 seconds.
  path: Assets/Models/Player/Van_An/texture_pbr_20250901_normal.png
  importAddress: Guid(fc5c47a991ae21342b82a9cef9f6859e) Importer(815301076,1909f56bfc062723c751e8b465ee728b)
Start importing Assets/Models/Player/Van_An/texture_pbr_20250901_normal.png using Guid(fc5c47a991ae21342b82a9cef9f6859e) Importer(815301076,1909f56bfc062723c751e8b465ee728b) (PreviewImporter) -> (Import Result ID: '4ecb7540b9b859c553bac9ac16a1387b') in 0.0467 seconds [static and dynamic dependencies]. Details - ImportResultOutputID=c499a3f18dd8264dc96a57154731a7b1 DependenciesID=26f2c4d64f68f5b675a5a372f7dad274 StaticDependenciesID=5ea8792f6577464cf25957ae1d5ff7f7 
Number of updated asset objects reloaded before import = 0Number of asset objects unloaded after import = 2

========================================================================
Received Import Request.
  Time since last request: 0.000109 seconds.
  path: Assets/Models/Player/texture_pbr_20250901_roughness 1.png
  importAddress: Guid(d3c0fbaabe479ae4e9bfd7dda20fa114) Importer(815301076,1909f56bfc062723c751e8b465ee728b)
Start importing Assets/Models/Player/texture_pbr_20250901_roughness 1.png using Guid(d3c0fbaabe479ae4e9bfd7dda20fa114) Importer(815301076,1909f56bfc062723c751e8b465ee728b) (PreviewImporter) -> (Import Result ID: '536c1a8949972eff3f80acf48e3e7d52') in 0.0407524 seconds [static and dynamic dependencies]. Details - ImportResultOutputID=de2d3ed061698baceb09f64b0980e8b1 DependenciesID=332ce3f36aac84f775974329498a4668 StaticDependenciesID=c2e3b292da53b2c18b9bc1d2be44fff6 
Number of updated asset objects reloaded before import = 0Number of asset objects unloaded after import = 2

========================================================================
Received Import Request.
  Time since last request: 0.000073 seconds.
  path: Assets/Models/Player
  importAddress: Guid(8906ca859903fdb4db6334e198d559a9) Importer(815301076,1909f56bfc062723c751e8b465ee728b)
Start importing Assets/Models/Player using Guid(8906ca859903fdb4db6334e198d559a9) Importer(815301076,1909f56bfc062723c751e8b465ee728b) (PreviewImporter) -> (Import Result ID: '22a436dae0681082d66b8372ee56bba1') in 0.0014448 seconds [static and dynamic dependencies]. Details - ImportResultOutputID=12f9a584eabb6af5a4cea3e9e7bfa96f DependenciesID=54d1440512a12826dd77b1a783bae225 StaticDependenciesID=448d4df3086ff33870932ee6c4b7d220 
Number of updated asset objects reloaded before import = 0Number of asset objects unloaded after import = 0

========================================================================
Received Import Request.
  Time since last request: 0.000047 seconds.
  path: Assets/Models/Player/Van_An/Van_An@Light Attack.fbx
  importAddress: Guid(b2e679ad68209f44cbcff4a8ae626069) Importer(815301076,1909f56bfc062723c751e8b465ee728b)
Start importing Assets/Models/Player/Van_An/Van_An@Light Attack.fbx using Guid(b2e679ad68209f44cbcff4a8ae626069) Importer(815301076,1909f56bfc062723c751e8b465ee728b) (PreviewImporter) -> (Import Result ID: 'dd9450131a7095fdd45d375c0fe160d5') in 0.0092832 seconds [static and dynamic dependencies]. Details - ImportResultOutputID=3a5f238e2a44daa4fcef8a3a7cd8f49c DependenciesID=d29abf003f29f6891b26938a731354ef StaticDependenciesID=ecf32e2898ec535ebf7316f723f1443a 
Number of updated asset objects reloaded before import = 0Number of asset objects unloaded after import = 71

========================================================================
Received Import Request.
  Time since last request: 0.000042 seconds.
  path: Assets/Models/Player/texture_pbr_20250901_normal.png
  importAddress: Guid(f315c4bd203ee9f45b50f7052eb58f2d) Importer(815301076,1909f56bfc062723c751e8b465ee728b)
Start importing Assets/Models/Player/texture_pbr_20250901_normal.png using Guid(f315c4bd203ee9f45b50f7052eb58f2d) Importer(815301076,1909f56bfc062723c751e8b465ee728b) (PreviewImporter) -> (Import Result ID: 'c8c21469e6260915cc9aa78e75053a48') in 0.0339143 seconds [static and dynamic dependencies]. Details - ImportResultOutputID=14937b1e81e3c16a577eae40c737af90 DependenciesID=774fc0e974c0d68687dbee4954294187 StaticDependenciesID=b0ce70a35063422b88e4bf513663da3e 
Number of updated asset objects reloaded before import = 0Number of asset objects unloaded after import = 2

Editor requested this worker to shutdown with reason: Scaling down because of idle timeout
AssetImportWorker is now disconnected from the server
Process exiting
Exiting without the bug reporter. Application will terminate with return code 0